<html>
<head>
<title>TestNG:  SignUp</title>
<link href="../testng.css" rel="stylesheet" type="text/css" />
<link href="../my-testng.css" rel="stylesheet" type="text/css" />

<style type="text/css">
.log { display: none;} 
.stack-trace { display: none;} 
</style>
<script type="text/javascript">
<!--
function flip(e) {
  current = e.style.display;
  if (current == 'block') {
    e.style.display = 'none';
    return 0;
  }
  else {
    e.style.display = 'block';
    return 1;
  }
}

function toggleBox(szDivId, elem, msg1, msg2)
{
  var res = -1;  if (document.getElementById) {
    res = flip(document.getElementById(szDivId));
  }
  else if (document.all) {
    // this is the way old msie versions work
    res = flip(document.all[szDivId]);
  }
  if(elem) {
    if(res == 0) elem.innerHTML = msg1; else elem.innerHTML = msg2;
  }

}

function toggleAllBoxes() {
  if (document.getElementsByTagName) {
    d = document.getElementsByTagName('div');
    for (i = 0; i < d.length; i++) {
      if (d[i].className == 'log') {
        flip(d[i]);
      }
    }
  }
}

// -->
</script>

</head>
<body>
<h2 align='center'>SignUp</h2><table border='1' align="center">
<tr>
<td>Tests passed/Failed/Skipped:</td><td>6/1/0</td>
</tr><tr>
<td>Started on:</td><td>Mon Jan 04 23:11:36 IST 2021</td>
</tr>
<tr><td>Total time:</td><td>70 seconds (70197 ms)</td>
</tr><tr>
<td>Included groups:</td><td></td>
</tr><tr>
<td>Excluded groups:</td><td></td>
</tr>
</table><p/>
<small><i>(Hover the method name to see the test class name)</i></small><p/>
<table width='100%' border='1' class='invocation-failed'>
<tr><td colspan='4' align='center'><b>FAILED TESTS</b></td></tr>
<tr><td><b>Test method</b></td>
<td width="30%"><b>Exception</b></td>
<td width="10%"><b>Time (seconds)</b></td>
<td><b>Instance</b></td>
</tr>
<tr>
<td title='testCases.SignUpTest.fetchEmailList()'><b>fetchEmailList</b><br>Test class: testCases.SignUpTest</td>
<td><div><pre>org.json.JSONException: A JSONArray text must start with &apos;[&apos; at 1 [character 2 line 1]
	at org.json.JSONTokener.syntaxError(JSONTokener.java:433)
	at org.json.JSONArray.&lt;init&gt;(JSONArray.java:106)
	at org.json.JSONArray.&lt;init&gt;(JSONArray.java:145)
	at screens.SignUpPage.fetchEmailList(SignUpPage.java:130)
	at testCases.SignUpTest.fetchEmailList(SignUpTest.java:108)
	at java.util.ArrayList.forEach(ArrayList.java:1257)
... Removed 27 stack frames</pre></div><a href='#' onClick='toggleBox("stack-trace1340057206", this, "Click to show all stack frames", "Click to hide stack frames")'>Click to show all stack frames</a>
<div class='stack-trace' id='stack-trace1340057206'><pre>org.json.JSONException: A JSONArray text must start with &apos;[&apos; at 1 [character 2 line 1]
	at org.json.JSONTokener.syntaxError(JSONTokener.java:433)
	at org.json.JSONArray.&lt;init&gt;(JSONArray.java:106)
	at org.json.JSONArray.&lt;init&gt;(JSONArray.java:145)
	at screens.SignUpPage.fetchEmailList(SignUpPage.java:130)
	at testCases.SignUpTest.fetchEmailList(SignUpTest.java:108)
	at sun.reflect.NativeMethodAccessorImpl.invoke0(Native Method)
	at sun.reflect.NativeMethodAccessorImpl.invoke(NativeMethodAccessorImpl.java:62)
	at sun.reflect.DelegatingMethodAccessorImpl.invoke(DelegatingMethodAccessorImpl.java:43)
	at java.lang.reflect.Method.invoke(Method.java:498)
	at org.testng.internal.MethodInvocationHelper.invokeMethod(MethodInvocationHelper.java:132)
	at org.testng.internal.TestInvoker.invokeMethod(TestInvoker.java:599)
	at org.testng.internal.TestInvoker.invokeTestMethod(TestInvoker.java:174)
	at org.testng.internal.MethodRunner.runInSequence(MethodRunner.java:46)
	at org.testng.internal.TestInvoker$MethodInvocationAgent.invoke(TestInvoker.java:822)
	at org.testng.internal.TestInvoker.invokeTestMethods(TestInvoker.java:147)
	at org.testng.internal.TestMethodWorker.invokeTestMethods(TestMethodWorker.java:146)
	at org.testng.internal.TestMethodWorker.run(TestMethodWorker.java:128)
	at java.util.ArrayList.forEach(ArrayList.java:1257)
	at org.testng.TestRunner.privateRun(TestRunner.java:764)
	at org.testng.TestRunner.run(TestRunner.java:585)
	at org.testng.SuiteRunner.runTest(SuiteRunner.java:384)
	at org.testng.SuiteRunner.runSequentially(SuiteRunner.java:378)
	at org.testng.SuiteRunner.privateRun(SuiteRunner.java:337)
	at org.testng.SuiteRunner.run(SuiteRunner.java:286)
	at org.testng.SuiteRunnerWorker.runSuite(SuiteRunnerWorker.java:53)
	at org.testng.SuiteRunnerWorker.run(SuiteRunnerWorker.java:96)
	at org.testng.TestNG.runSuitesSequentially(TestNG.java:1218)
	at org.testng.TestNG.runSuitesLocally(TestNG.java:1140)
	at org.testng.TestNG.runSuites(TestNG.java:1069)
	at org.testng.TestNG.run(TestNG.java:1037)
	at org.testng.remote.AbstractRemoteTestNG.run(AbstractRemoteTestNG.java:115)
	at org.testng.remote.RemoteTestNG.initAndRun(RemoteTestNG.java:251)
	at org.testng.remote.RemoteTestNG.main(RemoteTestNG.java:77)
</pre></div></td>
<td>4</td>
<td>testCases.SignUpTest@5891e32e</td></tr>
</table><p>
<table width='100%' border='1' class='invocation-passed'>
<tr><td colspan='4' align='center'><b>PASSED TESTS</b></td></tr>
<tr><td><b>Test method</b></td>
<td width="30%"><b>Exception</b></td>
<td width="10%"><b>Time (seconds)</b></td>
<td><b>Instance</b></td>
</tr>
<tr>
<td title='testCases.SignUpTest.VerifypageTitle()'><b>VerifypageTitle</b><br>Test class: testCases.SignUpTest</td>
<td></td>
<td>11</td>
<td>testCases.SignUpTest@5891e32e</td></tr>
<tr>
<td title='testCases.SignUpTest.validateSplashScreen1()'><b>validateSplashScreen1</b><br>Test class: testCases.SignUpTest</td>
<td></td>
<td>4</td>
<td>testCases.SignUpTest@5891e32e</td></tr>
<tr>
<td title='testCases.SignUpTest.validateSplashScreen2()'><b>validateSplashScreen2</b><br>Test class: testCases.SignUpTest</td>
<td></td>
<td>0</td>
<td>testCases.SignUpTest@5891e32e</td></tr>
<tr>
<td title='testCases.SignUpTest.validateSplashScreen3()'><b>validateSplashScreen3</b><br>Test class: testCases.SignUpTest</td>
<td></td>
<td>5</td>
<td>testCases.SignUpTest@5891e32e</td></tr>
<tr>
<td title='testCases.SignUpTest.verifySignUpButton()'><b>verifySignUpButton</b><br>Test class: testCases.SignUpTest</td>
<td></td>
<td>1</td>
<td>testCases.SignUpTest@5891e32e</td></tr>
<tr>
<td title='testCases.SignUpTest.verifySignUpPage()'><b>verifySignUpPage</b><br>Test class: testCases.SignUpTest</td>
<td></td>
<td>21</td>
<td>testCases.SignUpTest@5891e32e</td></tr>
</table><p>
</body>
</html>