<?xml version="1.0" encoding="UTF-8"?>
<!-- Generated by org.testng.reporters.JUnitXMLReporter -->
<testsuite hostname="LAPTOP-0NV2K68R" ignored="0" name="SignUp" tests="7" failures="1" timestamp="2021-01-04T23:12:46 IST" time="70.197" errors="0">
  <testcase name="validateSplashScreen1" time="4.913" classname="testCases.SignUpTest"/>
  <testcase name="validateSplashScreen2" time="0.853" classname="testCases.SignUpTest"/>
  <testcase name="validateSplashScreen3" time="5.26" classname="testCases.SignUpTest"/>
  <testcase name="VerifypageTitle" time="11.615" classname="testCases.SignUpTest"/>
  <testcase name="verifySignUpButton" time="1.582" classname="testCases.SignUpTest"/>
  <testcase name="verifySignUpPage" time="21.616" classname="testCases.SignUpTest"/>
  <testcase name="fetchEmailList" time="4.926" classname="testCases.SignUpTest">
    <failure type="org.json.JSONException" message="A JSONArray text must start with &amp;apos;[&amp;apos; at 1 [character 2 line 1]">
      <![CDATA[org.json.JSONException: A JSONArray text must start with '[' at 1 [character 2 line 1]
at org.json.JSONTokener.syntaxError(JSONTokener.java:433)
at org.json.JSONArray.<init>(JSONArray.java:106)
at org.json.JSONArray.<init>(JSONArray.java:145)
at screens.SignUpPage.fetchEmailList(SignUpPage.java:130)
at testCases.SignUpTest.fetchEmailList(SignUpTest.java:108)
at java.util.ArrayList.forEach(ArrayList.java:1257)
... Removed 27 stack frames]]>
    </failure>
  </testcase> <!-- fetchEmailList -->
</testsuite> <!-- SignUp -->
