<?xml version="1.0" encoding="UTF-8"?>
<testng-results skipped="0" failed="1" ignored="0" total="5" passed="4">
  <reporter-output>
  </reporter-output>
  <suite name="Default suite" duration-ms="72007" started-at="2020-12-23T19:43:26 IST" finished-at="2020-12-23T19:44:38 IST">
    <groups>
      <group name="A">
        <method signature="A_UnorganiseFeedTest.ValidateGetStartedButton()[pri:2, instance:testCases.A_UnorganiseFeedTest@10d59286]" name="ValidateGetStartedButton" class="testCases.A_UnorganiseFeedTest"/>
        <method signature="A_UnorganiseFeedTest.ValidateNextButton1()[pri:1, instance:testCases.A_UnorganiseFeedTest@10d59286]" name="ValidateNextButton1" class="testCases.A_UnorganiseFeedTest"/>
        <method signature="A_UnorganiseFeedTest.ValidateTermConditionButton()[pri:3, instance:testCases.A_UnorganiseFeedTest@10d59286]" name="ValidateTermConditionButton" class="testCases.A_UnorganiseFeedTest"/>
        <method signature="A_UnorganiseFeedTest.VerifypageTitle()[pri:4, instance:testCases.A_UnorganiseFeedTest@10d59286]" name="VerifypageTitle" class="testCases.A_UnorganiseFeedTest"/>
      </group> <!-- A -->
      <group name="B">
        <method signature="SignIn.ValidaSignIn()[pri:0, instance:testCases.SignIn@fe18270]" name="ValidaSignIn" class="testCases.SignIn"/>
      </group> <!-- B -->
    </groups>
    <test name="Default test" duration-ms="72007" started-at="2020-12-23T19:43:26 IST" finished-at="2020-12-23T19:44:38 IST">
      <class name="testCases.SignIn">
        <test-method status="PASS" signature="init()[pri:0, instance:testCases.SignIn@fe18270]" name="init" is-config="true" duration-ms="17069" started-at="2020-12-23T19:43:48 IST" finished-at="2020-12-23T19:44:05 IST">
          <reporter-output>
          </reporter-output>
        </test-method> <!-- init -->
        <test-method status="PASS" signature="setUp()[pri:0, instance:testCases.SignIn@fe18270]" name="setUp" is-config="true" duration-ms="1" started-at="2020-12-23T19:44:24 IST" finished-at="2020-12-23T19:44:24 IST">
          <reporter-output>
          </reporter-output>
        </test-method> <!-- setUp -->
        <test-method status="FAIL" signature="ValidaSignIn()[pri:0, instance:testCases.SignIn@fe18270]" name="ValidaSignIn" duration-ms="6450" depends-on-groups="A" started-at="2020-12-23T19:44:24 IST" finished-at="2020-12-23T19:44:30 IST">
          <exception class="org.openqa.selenium.NoSuchElementException">
            <message>
              <![CDATA[Can't locate an element by this strategy: By.chained({By.id: appIntro_tvNextPage})]]>
            </message>
            <full-stacktrace>
              <![CDATA[org.openqa.selenium.NoSuchElementException: Can't locate an element by this strategy: By.chained({By.id: appIntro_tvNextPage})
at io.appium.java_client.pagefactory.AppiumElementLocator.findElement(AppiumElementLocator.java:126)
at io.appium.java_client.pagefactory.interceptors.InterceptorOfASingleElement.intercept(InterceptorOfASingleElement.java:59)
at io.appium.java_client.android.AndroidElement$$EnhancerByCGLIB$$b598166c.click(<generated>)
at screens.AppIntroNextPage.clickOnNextButton(AppIntroNextPage.java:28)
at testCases.SignIn.ValidaSignIn(SignIn.java:43)
at sun.reflect.NativeMethodAccessorImpl.invoke0(Native Method)
at sun.reflect.NativeMethodAccessorImpl.invoke(NativeMethodAccessorImpl.java:62)
at sun.reflect.DelegatingMethodAccessorImpl.invoke(DelegatingMethodAccessorImpl.java:43)
at java.lang.reflect.Method.invoke(Method.java:498)
at org.testng.internal.MethodInvocationHelper.invokeMethod(MethodInvocationHelper.java:132)
at org.testng.internal.TestInvoker.invokeMethod(TestInvoker.java:599)
at org.testng.internal.TestInvoker.invokeTestMethod(TestInvoker.java:174)
at org.testng.internal.MethodRunner.runInSequence(MethodRunner.java:46)
at org.testng.internal.TestInvoker$MethodInvocationAgent.invoke(TestInvoker.java:822)
at org.testng.internal.TestInvoker.invokeTestMethods(TestInvoker.java:147)
at org.testng.internal.TestMethodWorker.invokeTestMethods(TestMethodWorker.java:146)
at org.testng.internal.TestMethodWorker.run(TestMethodWorker.java:128)
at java.util.ArrayList.forEach(ArrayList.java:1257)
at org.testng.TestRunner.privateRun(TestRunner.java:764)
at org.testng.TestRunner.run(TestRunner.java:585)
at org.testng.SuiteRunner.runTest(SuiteRunner.java:384)
at org.testng.SuiteRunner.runSequentially(SuiteRunner.java:378)
at org.testng.SuiteRunner.privateRun(SuiteRunner.java:337)
at org.testng.SuiteRunner.run(SuiteRunner.java:286)
at org.testng.SuiteRunnerWorker.runSuite(SuiteRunnerWorker.java:53)
at org.testng.SuiteRunnerWorker.run(SuiteRunnerWorker.java:96)
at org.testng.TestNG.runSuitesSequentially(TestNG.java:1218)
at org.testng.TestNG.runSuitesLocally(TestNG.java:1140)
at org.testng.TestNG.runSuites(TestNG.java:1069)
at org.testng.TestNG.run(TestNG.java:1037)
at org.testng.remote.AbstractRemoteTestNG.run(AbstractRemoteTestNG.java:115)
at org.testng.remote.RemoteTestNG.initAndRun(RemoteTestNG.java:251)
at org.testng.remote.RemoteTestNG.main(RemoteTestNG.java:77)
Caused by: org.openqa.selenium.TimeoutException: Expected condition failed: waiting for io.appium.java_client.pagefactory.AppiumElementLocator$WaitingFunction@7e5d9a50 (tried for 1 second(s) with 500 milliseconds interval)
at org.openqa.selenium.support.ui.FluentWait.timeoutException(FluentWait.java:304)
at org.openqa.selenium.support.ui.FluentWait.until(FluentWait.java:272)
at io.appium.java_client.pagefactory.AppiumElementLocator.waitFor(AppiumElementLocator.java:99)
at io.appium.java_client.pagefactory.AppiumElementLocator.findElement(AppiumElementLocator.java:119)
... 32 more
Caused by: org.openqa.selenium.NoSuchElementException: Cannot locate an element using By.chained({By.id: appIntro_tvNextPage})
For documentation on this error, please visit: https://www.seleniumhq.org/exceptions/no_such_element.html
Build info: version: '3.141.59', revision: 'e82be7d358', time: '2018-11-14T08:17:03'
System info: host: 'LAPTOP-0NV2K68R', ip: '192.168.225.38', os.name: 'Windows 10', os.arch: 'amd64', os.version: '10.0', java.version: '1.8.0_231'
Driver info: driver.version: AndroidDriver
at io.appium.java_client.pagefactory.bys.builder.ByChained.findElement(ByChained.java:74)
at org.openqa.selenium.remote.RemoteWebDriver.findElement(RemoteWebDriver.java:315)
at io.appium.java_client.DefaultGenericMobileDriver.findElement(DefaultGenericMobileDriver.java:57)
at io.appium.java_client.AppiumDriver.findElement(AppiumDriver.java:1)
at io.appium.java_client.android.AndroidDriver.findElement(AndroidDriver.java:1)
at io.appium.java_client.pagefactory.bys.ContentMappedBy.findElement(ContentMappedBy.java:50)
at org.openqa.selenium.remote.RemoteWebDriver.findElement(RemoteWebDriver.java:315)
at io.appium.java_client.DefaultGenericMobileDriver.findElement(DefaultGenericMobileDriver.java:57)
at io.appium.java_client.AppiumDriver.findElement(AppiumDriver.java:1)
at io.appium.java_client.android.AndroidDriver.findElement(AndroidDriver.java:1)
at io.appium.java_client.pagefactory.AppiumElementLocator.lambda$0(AppiumElementLocator.java:120)
at io.appium.java_client.pagefactory.AppiumElementLocator$WaitingFunction.apply(AppiumElementLocator.java:172)
at io.appium.java_client.pagefactory.AppiumElementLocator$WaitingFunction.apply(AppiumElementLocator.java:1)
at org.openqa.selenium.support.ui.FluentWait.until(FluentWait.java:249)
... 34 more
]]>
            </full-stacktrace>
          </exception> <!-- org.openqa.selenium.NoSuchElementException -->
          <reporter-output>
          </reporter-output>
        </test-method> <!-- ValidaSignIn -->
        <test-method status="PASS" signature="quitDriver()[pri:0, instance:testCases.SignIn@fe18270]" name="quitDriver" is-config="true" duration-ms="3599" started-at="2020-12-23T19:44:34 IST" finished-at="2020-12-23T19:44:38 IST">
          <reporter-output>
          </reporter-output>
        </test-method> <!-- quitDriver -->
      </class> <!-- testCases.SignIn -->
      <class name="testCases.A_UnorganiseFeedTest">
        <test-method status="PASS" signature="init()[pri:0, instance:testCases.A_UnorganiseFeedTest@10d59286]" name="init" is-config="true" duration-ms="21976" started-at="2020-12-23T19:43:26 IST" finished-at="2020-12-23T19:43:48 IST">
          <reporter-output>
          </reporter-output>
        </test-method> <!-- init -->
        <test-method status="PASS" signature="setUp()[pri:0, instance:testCases.A_UnorganiseFeedTest@10d59286]" name="setUp" is-config="true" duration-ms="0" started-at="2020-12-23T19:44:05 IST" finished-at="2020-12-23T19:44:05 IST">
          <reporter-output>
          </reporter-output>
        </test-method> <!-- setUp -->
        <test-method status="PASS" signature="ValidateNextButton1()[pri:1, instance:testCases.A_UnorganiseFeedTest@10d59286]" name="ValidateNextButton1" duration-ms="5167" started-at="2020-12-23T19:44:05 IST" finished-at="2020-12-23T19:44:10 IST">
          <reporter-output>
          </reporter-output>
        </test-method> <!-- ValidateNextButton1 -->
        <test-method status="PASS" signature="setUp()[pri:0, instance:testCases.A_UnorganiseFeedTest@10d59286]" name="setUp" is-config="true" duration-ms="0" started-at="2020-12-23T19:44:10 IST" finished-at="2020-12-23T19:44:10 IST">
          <reporter-output>
          </reporter-output>
        </test-method> <!-- setUp -->
        <test-method status="PASS" signature="ValidateGetStartedButton()[pri:2, instance:testCases.A_UnorganiseFeedTest@10d59286]" name="ValidateGetStartedButton" duration-ms="867" started-at="2020-12-23T19:44:10 IST" finished-at="2020-12-23T19:44:11 IST">
          <reporter-output>
          </reporter-output>
        </test-method> <!-- ValidateGetStartedButton -->
        <test-method status="PASS" signature="setUp()[pri:0, instance:testCases.A_UnorganiseFeedTest@10d59286]" name="setUp" is-config="true" duration-ms="0" started-at="2020-12-23T19:44:11 IST" finished-at="2020-12-23T19:44:11 IST">
          <reporter-output>
          </reporter-output>
        </test-method> <!-- setUp -->
        <test-method status="PASS" signature="ValidateTermConditionButton()[pri:3, instance:testCases.A_UnorganiseFeedTest@10d59286]" name="ValidateTermConditionButton" duration-ms="1414" started-at="2020-12-23T19:44:11 IST" finished-at="2020-12-23T19:44:12 IST">
          <reporter-output>
          </reporter-output>
        </test-method> <!-- ValidateTermConditionButton -->
        <test-method status="PASS" signature="setUp()[pri:0, instance:testCases.A_UnorganiseFeedTest@10d59286]" name="setUp" is-config="true" duration-ms="1" started-at="2020-12-23T19:44:13 IST" finished-at="2020-12-23T19:44:13 IST">
          <reporter-output>
          </reporter-output>
        </test-method> <!-- setUp -->
        <test-method status="PASS" signature="VerifypageTitle()[pri:4, instance:testCases.A_UnorganiseFeedTest@10d59286]" name="VerifypageTitle" duration-ms="11410" started-at="2020-12-23T19:44:13 IST" finished-at="2020-12-23T19:44:24 IST">
          <reporter-output>
          </reporter-output>
        </test-method> <!-- VerifypageTitle -->
        <test-method status="PASS" signature="quitDriver()[pri:0, instance:testCases.A_UnorganiseFeedTest@10d59286]" name="quitDriver" is-config="true" duration-ms="3879" started-at="2020-12-23T19:44:30 IST" finished-at="2020-12-23T19:44:34 IST">
          <reporter-output>
          </reporter-output>
        </test-method> <!-- quitDriver -->
      </class> <!-- testCases.A_UnorganiseFeedTest -->
    </test> <!-- Default test -->
  </suite> <!-- Default suite -->
</testng-results>
