<?xml version="1.0" encoding="UTF-8"?>
<!-- Generated by org.testng.reporters.JUnitReportReporter -->
<testsuite skipped="0" hostname="LAPTOP-0NV2K68R" name="testCases.SignUpTest" tests="7" failures="0" timestamp="2021-01-04T23:12:46 IST" time="50.770" errors="1">
  <testcase name="validateSplashScreen1" time="4.913" classname="testCases.SignUpTest"/>
  <system-out/>
  <testcase name="validateSplashScreen2" time="0.854" classname="testCases.SignUpTest"/>
  <system-out/>
  <testcase name="validateSplashScreen3" time="5.261" classname="testCases.SignUpTest"/>
  <system-out/>
  <testcase name="VerifypageTitle" time="11.615" classname="testCases.SignUpTest"/>
  <system-out/>
  <testcase name="verifySignUpButton" time="1.582" classname="testCases.SignUpTest"/>
  <system-out/>
  <testcase name="verifySignUpPage" time="21.618" classname="testCases.SignUpTest"/>
  <system-out/>
  <testcase name="fetchEmailList" time="4.927" classname="testCases.SignUpTest">
    <error type="org.json.JSONException" message="A JSONArray text must start with &#039;[&#039; at 1 [character 2 line 1]">
      <![CDATA[org.json.JSONException: A JSONArray text must start with '[' at 1 [character 2 line 1]
at org.json.JSONTokener.syntaxError(JSONTokener.java:433)
at org.json.JSONArray.<init>(JSONArray.java:106)
at org.json.JSONArray.<init>(JSONArray.java:145)
at screens.SignUpPage.fetchEmailList(SignUpPage.java:130)
at testCases.SignUpTest.fetchEmailList(SignUpTest.java:108)
at sun.reflect.NativeMethodAccessorImpl.invoke0(Native Method)
at sun.reflect.NativeMethodAccessorImpl.invoke(NativeMethodAccessorImpl.java:62)
at sun.reflect.DelegatingMethodAccessorImpl.invoke(DelegatingMethodAccessorImpl.java:43)
at java.lang.reflect.Method.invoke(Method.java:498)
at org.testng.internal.MethodInvocationHelper.invokeMethod(MethodInvocationHelper.java:132)
at org.testng.internal.TestInvoker.invokeMethod(TestInvoker.java:599)
at org.testng.internal.TestInvoker.invokeTestMethod(TestInvoker.java:174)
at org.testng.internal.MethodRunner.runInSequence(MethodRunner.java:46)
at org.testng.internal.TestInvoker$MethodInvocationAgent.invoke(TestInvoker.java:822)
at org.testng.internal.TestInvoker.invokeTestMethods(TestInvoker.java:147)
at org.testng.internal.TestMethodWorker.invokeTestMethods(TestMethodWorker.java:146)
at org.testng.internal.TestMethodWorker.run(TestMethodWorker.java:128)
at java.util.ArrayList.forEach(ArrayList.java:1257)
at org.testng.TestRunner.privateRun(TestRunner.java:764)
at org.testng.TestRunner.run(TestRunner.java:585)
at org.testng.SuiteRunner.runTest(SuiteRunner.java:384)
at org.testng.SuiteRunner.runSequentially(SuiteRunner.java:378)
at org.testng.SuiteRunner.privateRun(SuiteRunner.java:337)
at org.testng.SuiteRunner.run(SuiteRunner.java:286)
at org.testng.SuiteRunnerWorker.runSuite(SuiteRunnerWorker.java:53)
at org.testng.SuiteRunnerWorker.run(SuiteRunnerWorker.java:96)
at org.testng.TestNG.runSuitesSequentially(TestNG.java:1218)
at org.testng.TestNG.runSuitesLocally(TestNG.java:1140)
at org.testng.TestNG.runSuites(TestNG.java:1069)
at org.testng.TestNG.run(TestNG.java:1037)
at org.testng.remote.AbstractRemoteTestNG.run(AbstractRemoteTestNG.java:115)
at org.testng.remote.RemoteTestNG.initAndRun(RemoteTestNG.java:251)
at org.testng.remote.RemoteTestNG.main(RemoteTestNG.java:77)
]]>
    </error>
  </testcase> <!-- fetchEmailList -->
  <system-out/>
</testsuite> <!-- testCases.SignUpTest -->
